Virtual User Script started at: 08.06.2021 17:59:00
Starting action vuser_init.
Web Turbo Replay of LoadRunner 2021.0.0 for Windows 10; build 430 (янв 05 2021 19:27:22)  	[MsgId: MMSG-26983]
Run mode: HTML  	[MsgId: MMSG-26993]
Replay user agent: Mozilla/5.0 (Windows NT 10.0; Win64; x64; rv:88.0) Gecko/20100101 Firefox/88.0  	[MsgId: MMSG-26988]
Runtime Settings file: "D:\LoadRunner\HW_!_Lightmail_2\\default.cfg"  	[MsgId: MMSG-27141]
Ending action vuser_init.
Running Vuser...
Starting iteration 1.
Maximum number of concurrent connections per server: 6  	[MsgId: MMSG-26989]
Starting action Action.
Action.c(5): web_set_sockets_option started  	[MsgId: MMSG-26355]
Action.c(5): web_set_sockets_option was successful  	[MsgId: MMSG-26392]
Action.c(8): web_reg_find started  	[MsgId: MMSG-26355]
Action.c(8): Registering web_reg_find was successful  	[MsgId: MMSG-26390]
Action.c(11): web_add_header("Upgrade-Insecure-Requests") started  	[MsgId: MMSG-26355]
Action.c(11): web_add_header("Upgrade-Insecure-Requests") was successful  	[MsgId: MMSG-26392]
Action.c(15): web_reg_save_param_regexp started  	[MsgId: MMSG-26355]
Action.c(15): Registering web_reg_save_param_regexp was successful  	[MsgId: MMSG-26390]
Action.c(24): web_url("light.mail.ru") started  	[MsgId: MMSG-26355]
Action.c(24): Redirecting "https://light.mail.ru/" (redirection depth is 0)  	[MsgId: MMSG-26694]
Action.c(24): To location "https://light.mail.ru/messages/inbox"  	[MsgId: MMSG-26693]
Action.c(24): Redirecting "https://light.mail.ru/messages/inbox" (redirection depth is 1)  	[MsgId: MMSG-26694]
Action.c(24): To location "https://account.mail.ru/login?page=https%3A%2F%2Flight.mail.ru%2Fmessages%2Finbox&allow_external=1"  	[MsgId: MMSG-26693]
Action.c(24): Found resource "https://img.imgsmail.ru/pkgs/login.mail.ru/25335/css/login.css" in HTML "https://account.mail.ru/login?page=https%3A%2F%2Flight.mail.ru%2Fmessages%2Finbox&allow_external=1"  	[MsgId: MMSG-26659]
Action.c(24): Found resource "https://rs.mail.ru/d26047874.gif?sz=49&rnd=608185895&ts=1623164341&sz=49" in HTML "https://account.mail.ru/login?page=https%3A%2F%2Flight.mail.ru%2Fmessages%2Finbox&allow_external=1"  	[MsgId: MMSG-26659]
Action.c(24): Registered web_reg_find successful for "Text=Авторизация" (count=1)  	[MsgId: MMSG-26364]
Action.c(24): web_url("light.mail.ru") was successful, 81715 body bytes, 6167 header bytes  	[MsgId: MMSG-26386]
Action.c(35): web_add_auto_header("Origin") started  	[MsgId: MMSG-26355]
Action.c(35): web_add_auto_header("Origin") was successful  	[MsgId: MMSG-26392]
Action.c(41): web_remove_auto_header("Origin") started  	[MsgId: MMSG-26355]
Action.c(41): Previous automatically added web header for "Origin" removed  	[MsgId: MMSG-26587]
Action.c(41): web_remove/revert_auto_header("Origin") was successful  	[MsgId: MMSG-26392]
Action.c(45): web_submit_data("info") started  	[MsgId: MMSG-26355]
Action.c(45): web_submit_data("info") was successful, 265 body bytes, 319 header bytes  	[MsgId: MMSG-26386]
Action.c(64): Notify: Transaction "LOG_IN" started.
Action.c(65): web_reg_save_param_regexp started  	[MsgId: MMSG-26355]
Action.c(65): Registering web_reg_save_param_regexp was successful  	[MsgId: MMSG-26390]
Action.c(76): web_submit_data("auth") started  	[MsgId: MMSG-26355]
Action.c(76): Redirecting "https://auth.mail.ru/cgi-bin/auth" (redirection depth is 0)  	[MsgId: MMSG-26694]
Action.c(76): To location "https://light.mail.ru/messages/inbox?authid=kphzomki.nah&dwhsplit=s10273.b1s&from=login"  	[MsgId: MMSG-26693]
Action.c(76): Redirecting "https://light.mail.ru/messages/inbox?authid=kphzomki.nah&dwhsplit=s10273.b1s&from=login" (redirection depth is 1)  	[MsgId: MMSG-26694]
Action.c(76): To location "https://auth.mail.ru/sdc?from=https%3A%2F%2Flight.mail.ru%2Fmessages%2Finbox%3Fauthid%3Dkphzomki.nah%26dwhsplit%3Ds10273.b1s%26from%3Dlogin"  	[MsgId: MMSG-26693]
Action.c(76): Redirecting "https://auth.mail.ru/sdc?from=https%3A%2F%2Flight.mail.ru%2Fmessages%2Finbox%3Fauthid%3Dkphzomki.nah%26dwhsplit%3Ds10273.b1s%26from%3Dlogin" (redirection depth is 2)  	[MsgId: MMSG-26694]
Action.c(76): To location "https://light.mail.ru/sdc?token=c039c39605d344939100d8f33f847111"  	[MsgId: MMSG-26693]
Action.c(76): Redirecting "https://light.mail.ru/sdc?token=c039c39605d344939100d8f33f847111" (redirection depth is 3)  	[MsgId: MMSG-26694]
Action.c(76): To location "https://light.mail.ru/messages/inbox?authid=kphzomki.nah&dwhsplit=s10273.b1s&from=login"  	[MsgId: MMSG-26693]
Action.c(76): Found resource "https://img.imgsmail.ru/mail/m/data/utf/ts/1622658806/light/css/pages/main.light.css?v=3.240" in HTML "https://light.mail.ru/messages/inbox?authid=kphzomki.nah&dwhsplit=s10273.b1s&from=login"  	[MsgId: MMSG-26659]
Action.c(76): Found resource "https://img.imgsmail.ru/mail/m/data/utf/ts/1622658806/light/css/pages/main.print.css?v=3.240" in HTML "https://light.mail.ru/messages/inbox?authid=kphzomki.nah&dwhsplit=s10273.b1s&from=login"  	[MsgId: MMSG-26659]
Action.c(76): Found resource "https://js.imgsmail.ru/mail/m/data/utf/ts/1622658806/light/js/vendor/cookie.min.js" in HTML "https://light.mail.ru/messages/inbox?authid=kphzomki.nah&dwhsplit=s10273.b1s&from=login"  	[MsgId: MMSG-26659]
Action.c(76): Found resource "https://js.imgsmail.ru/mail/m/data/utf/ts/1622658806/light/js/build/vendor.min.js?v=3.240" in HTML "https://light.mail.ru/messages/inbox?authid=kphzomki.nah&dwhsplit=s10273.b1s&from=login"  	[MsgId: MMSG-26659]
Action.c(76): Found resource "https://js.imgsmail.ru/mail/m/data/utf/ts/1622658806/light/js/build/app.min.js?v=3.240" in HTML "https://light.mail.ru/messages/inbox?authid=kphzomki.nah&dwhsplit=s10273.b1s&from=login"  	[MsgId: MMSG-26659]
Action.c(76): Found resource "https://trk.mail.ru/i/gp2hq9?mt_sub1=mail.ru&mt_campaign=newpromomail&mt_sub2=webmaillight" in HTML "https://light.mail.ru/messages/inbox?authid=kphzomki.nah&dwhsplit=s10273.b1s&from=login"  	[MsgId: MMSG-26659]
Action.c(76): Found resource "https://rs.mail.ru/pixel/AADD8AEAQ9Tr1uXPzhtOYtrMGF34Iwca4dGYRaNlNCgF2u-nhK4VyHIqXwwMVuEntmC-gEJ-f5C_v4Y_ale8YB4HuwCN7X2gQdn7I9NOHYpq2QMgcJaq_5oysSHqDSHNYZHgc9-ntgQ7duHba-HJQ56h9EzcXFvV38Bkg04CvqbDk6ZJWIinHWMeAAAAJpjIifBKpzDwhWNTfbSbnzuDT1CCw8vU_cEZhseoNcc.gif" in HTML "https://light.mail.ru/messages/inbox?authid=kphzomki.nah&dwhsplit=s10273.b1s&from=login"  	[MsgId: MMSG-26659]
Action.c(76): Found resource "https://limg.imgsmail.ru/informers/abp/px.js?ch=1" in HTML "https://light.mail.ru/messages/inbox?authid=kphzomki.nah&dwhsplit=s10273.b1s&from=login"  	[MsgId: MMSG-26659]
Action.c(76): Found resource "https://limg.imgsmail.ru/informers/abp/px.js?ch=2" in HTML "https://light.mail.ru/messages/inbox?authid=kphzomki.nah&dwhsplit=s10273.b1s&from=login"  	[MsgId: MMSG-26659]
Action.c(76): Found resource "https://img.imgsmail.ru/r/light/images/mail-logo-new.png" in HTML "https://light.mail.ru/messages/inbox?authid=kphzomki.nah&dwhsplit=s10273.b1s&from=login"  	[MsgId: MMSG-26659]
Action.c(76): Found resource "https://img.imgsmail.ru/static.promo/light/icon-warning.png" in HTML "https://light.mail.ru/messages/inbox?authid=kphzomki.nah&dwhsplit=s10273.b1s&from=login"  	[MsgId: MMSG-26659]
Action.c(76): Found resource "https://mail.radar.imgsmail.ru/update?email=test_nt_2@mail.ru&p=mail&t=v3_msglist&v=1&rnd=1838625947" in HTML "https://light.mail.ru/messages/inbox?authid=kphzomki.nah&dwhsplit=s10273.b1s&from=login"  	[MsgId: MMSG-26659]
Action.c(76): Found resource "https://rs.mail.ru/pixel/AADD8AEAQ9Tr1uXPzhtOYtrMGF34Iwca4dGYRaNlNCgF2u-nhK4VyHIqXwwMVuEntmC-gEJ-f5C_v4Y_ale8YB4HuwCN7X2gQdn7I9NOHYpq2QMgcJaq_5oysSHqDSHNYZHgc9-ntgQ7duHba-HJQ56h9EzcXFvV38Bkg04CvqbDk6ZJWJ5glzodAAAA4scT27D4XpCKMTO3aQ7H8kUpgbe9zhLfas1_K7RyqL0.gif" in HTML "https://light.mail.ru/messages/inbox?authid=kphzomki.nah&dwhsplit=s10273.b1s&from=login"  	[MsgId: MMSG-26659]
Action.c(76): Found resource "https://rs.mail.ru/d2504975.gif?rnd=148215132&ts=1623164344" in HTML "https://light.mail.ru/messages/inbox?authid=kphzomki.nah&dwhsplit=s10273.b1s&from=login"  	[MsgId: MMSG-26659]
Action.c(76): Found resource "https://www.tns-counter.ru/V13a****mail_ru/ru/UTF-8/tmsec=mail_win/" in HTML "https://light.mail.ru/messages/inbox?authid=kphzomki.nah&dwhsplit=s10273.b1s&from=login"  	[MsgId: MMSG-26659]
Action.c(76): Found resource "https://counter.yadro.ru/hit;win-mail" in HTML "https://light.mail.ru/messages/inbox?authid=kphzomki.nah&dwhsplit=s10273.b1s&from=login"  	[MsgId: MMSG-26659]
Action.c(76): Found resource "https://top-fwz1.mail.ru/counter?js=na;id=2035946" in HTML "https://light.mail.ru/messages/inbox?authid=kphzomki.nah&dwhsplit=s10273.b1s&from=login"  	[MsgId: MMSG-26659]
Action.c(76): Found resource "https://top-fwz1.mail.ru/counter?js=na;id=110605" in HTML "https://light.mail.ru/messages/inbox?authid=kphzomki.nah&dwhsplit=s10273.b1s&from=login"  	[MsgId: MMSG-26659]
Action.c(76): Found resource "https://an.mail.ru/count/U_4amautHtK505u0488WCPTsrL400000O9WBSFJqW908a042m042s06AXnte0O01y0ACkfAo1h030g06gWF91hi-4Mkr5qq5gGU6her73VSAJj070l8D0FeD088E0000" in HTML "https://light.mail.ru/messages/inbox?authid=kphzomki.nah&dwhsplit=s10273.b1s&from=login"  	[MsgId: MMSG-26659]
Action.c(76): Found resource "https://ad.mail.ru/cm.gif?p=100" in HTML "https://light.mail.ru/messages/inbox?authid=kphzomki.nah&dwhsplit=s10273.b1s&from=login"  	[MsgId: MMSG-26659]
Action.c(76): Found resource "https://rs.mail.ru/un?uniq=WggBADzcaAIBCAAB&euniq=WwgBAHsTAAAJCAAB&rnd=154798268" in HTML "https://light.mail.ru/messages/inbox?authid=kphzomki.nah&dwhsplit=s10273.b1s&from=login"  	[MsgId: MMSG-26659]
Action.c(76): Redirecting "https://www.tns-counter.ru/V13a****mail_ru/ru/UTF-8/tmsec=mail_win/" (redirection depth is 0)  	[MsgId: MMSG-26694]
Action.c(76): To location "https://www.tns-counter.ru/V13b****mail_ru/ru/UTF-8/tmsec=mail_win/"  	[MsgId: MMSG-26693]
Action.c(76): Redirecting "https://counter.yadro.ru/hit;win-mail" (redirection depth is 0)  	[MsgId: MMSG-26694]
Action.c(76): To location "https://counter.yadro.ru/hit;win-mail?q;"  	[MsgId: MMSG-26693]
Action.c(76): Redirecting "https://ad.mail.ru/cm.gif?p=100" (redirection depth is 0)  	[MsgId: MMSG-26694]
Action.c(76): To location "https://cm.g.doubleclick.net/pixel?google_nid=mailru_gdem&google_hm=MmE4NDc3YjYxMWU3OWVlOA"  	[MsgId: MMSG-26693]
Action.c(76): Redirecting "https://an.mail.ru/count/U_4amautHtK505u0488WCPTsrL400000O9WBSFJqW908a042m042s06AXnte0O01y0ACkfAo1h030g06gWF91hi-4Mkr5qq5gGU6her73VSAJj070l8D0FeD088E0000" (redirection depth is 0)  	[MsgId: MMSG-26694]
Action.c(76): To location "https://bs.yandex.ru/count/VoYrB_qWZBK302G6U_4amXAUvpC508m0488WCPTsrL400000O9WBSFJqW908a042m042s06AXnte0O01y0ACkfAo1h030hi-4Mkr5qq5gGU6her73VSAJj070jWLmOhsxAEFlFnZWHVmF_WOW1a502u5uon41J7yysJE58Cr32W0~1,an.mail.ru,,2232881488"  	[MsgId: MMSG-26693]
Action.c(76): Redirecting "https://cm.g.doubleclick.net/pixel?google_nid=mailru_gdem&google_hm=MmE4NDc3YjYxMWU3OWVlOA" (redirection depth is 1)  	[MsgId: MMSG-26694]
Action.c(76): To location "https://cm.g.doubleclick.net/pixel?google_nid=mailru_gdem&google_hm=MmE4NDc3YjYxMWU3OWVlOA&google_tc="  	[MsgId: MMSG-26693]
Action.c(76): Redirecting "https://bs.yandex.ru/count/VoYrB_qWZBK302G6U_4amXAUvpC508m0488WCPTsrL400000O9WBSFJqW908a042m042s06AXnte0O01y0ACkfAo1h030hi-4Mkr5qq5gGU6her73VSAJj070jWLmOhsxAEFlFnZWHVmF_WOW1a502u5uon41J7yysJE58Cr32W0~1,an.mail.ru,,2232881488" (redirection depth is 1)  	[MsgId: MMSG-26694]
Action.c(76): To location "https://bs.yandex.ru/count/VoYrB_qWZBK302G6U_4amd1wHhm508m048CWCPTsrL400000O9WBSFJqW908a042m042s06AXnte0O01y0ACkfAo1h030hi-4Mkr5qq5gGU6her73VSAJj070jWLmOhsxAEFlFnZWHVmF_WOW1a502u5uon41J7yysJE58Cr32W0~1,an.mail.ru,,2232881488"  	[MsgId: MMSG-26693]
Action.c(76): Redirecting "https://bs.yandex.ru/count/VoYrB_qWZBK302G6U_4amd1wHhm508m048CWCPTsrL400000O9WBSFJqW908a042m042s06AXnte0O01y0ACkfAo1h030hi-4Mkr5qq5gGU6her73VSAJj070jWLmOhsxAEFlFnZWHVmF_WOW1a502u5uon41J7yysJE58Cr32W0~1,an.mail.ru,,2232881488" (redirection depth is 2)  	[MsgId: MMSG-26694]
Action.c(76): To location "https://an.mail.ru/count/VoYrB_qWZBK302G6U_4amXAUvpC508m0488WCPTsrL400000O9WBSFJqW908a042m042s06AXnte0O01y0ACkfAo1h030hi-4Mkr5qq5gGU6her73VSAJj070jWLmOhsxAEFlFnZWHVmF_WOW1a502u5uon41J7yysJE58Cr32W0~1,an.mail.ru,8911562701623164345,454889107"  	[MsgId: MMSG-26693]
Action.c(76): Warning -35049: No match found for the requested parameter "CorrelationParameter". Check whether the requested regular expression exists in the response data  	[MsgId: MWAR-35049]
Action.c(76): web_submit_data("auth") highest severity level was "warning", 124897 body bytes, 22102 header bytes, 24 chunking overhead bytes  	[MsgId: MMSG-26387]
Action.c(97): Notify: Transaction "LOG_IN" ended with a "Pass" status (Duration: 1,2426 Wasted Time: 0,0332).
Письма закончились!
Ending action Action.
Ending iteration 1.
Ending Vuser...
Starting action vuser_end.
Ending action vuser_end.
Vuser Terminated.
